2023.08.27 10:42:28 INFO  Started: Metals version 1.0.0 in folders 'D:\1st sem\SCS 2208 - RAD\group work mern\SCS2208_MERN_PROJECT' for client Visual Studio Code 1.81.1.
Aug 27, 2023 10:42:28 AM org.flywaydb.core.internal.license.VersionPrinter printVersionOnly
INFO: Flyway Community Edition 9.20.1 by Redgate
Aug 27, 2023 10:42:28 AM org.flywaydb.core.internal.license.VersionPrinter printVersion
INFO: See release notes here: https://rd.gt/416ObMi
Aug 27, 2023 10:42:28 AM org.flywaydb.core.internal.license.VersionPrinter printVersion
INFO: 
Aug 27, 2023 10:42:28 AM org.flywaydb.core.internal.database.base.BaseDatabaseType createDatabase
INFO: Database: jdbc:h2:file:D:\1st sem\SCS 2208 - RAD\group work mern\SCS2208_MERN_PROJECT\.metals\metals (H2 2.1)
Aug 27, 2023 10:42:28 AM org.flywaydb.core.internal.schemahistory.JdbcTableSchemaHistory allAppliedMigrations
INFO: Schema history table "PUBLIC"."flyway_schema_history" does not exist yet
Aug 27, 2023 10:42:28 AM org.flywaydb.core.internal.command.DbValidate validate
INFO: Successfully validated 4 migrations (execution time 00:00.025s)
Aug 27, 2023 10:42:28 AM org.flywaydb.core.internal.schemahistory.JdbcTableSchemaHistory create
INFO: Creating Schema History table "PUBLIC"."flyway_schema_history" ...
Aug 27, 2023 10:42:28 AM org.flywaydb.core.internal.command.DbMigrate migrateGroup
INFO: Current version of schema "PUBLIC": << Empty Schema >>
Aug 27, 2023 10:42:28 AM org.flywaydb.core.internal.command.DbMigrate doMigrateGroup
INFO: Migrating schema "PUBLIC" to version "1 - Create tables"
Aug 27, 2023 10:42:28 AM org.flywaydb.core.internal.command.DbMigrate doMigrateGroup
INFO: Migrating schema "PUBLIC" to version "2 - Server discovery"
Aug 27, 2023 10:42:28 AM org.flywaydb.core.internal.command.DbMigrate doMigrateGroup
INFO: Migrating schema "PUBLIC" to version "3 - Jar symbols"
Aug 27, 2023 10:42:28 AM org.flywaydb.core.internal.command.DbMigrate doMigrateGroup
INFO: Migrating schema "PUBLIC" to version "4 - Fingerprints"
Aug 27, 2023 10:42:28 AM org.flywaydb.core.internal.command.DbMigrate logSummary
INFO: Successfully applied 4 migrations to schema "PUBLIC", now at version v4 (execution time 00:00.011s)
2023.08.27 10:42:28 INFO  time: initialize in 0.55s
2023.08.27 10:42:29 WARN  Build server is not auto-connectable.
2023.08.27 10:42:29 WARN  no build tool detected in workspace 'D:\1st sem\SCS 2208 - RAD\group work mern\SCS2208_MERN_PROJECT'. The most common cause for this problem is that the editor was opened in the wrong working directory, for example if you use sbt then the workspace directory should contain build.sbt. 
2023.08.27 12:12:03 INFO  Shutting down server
2023.08.27 12:12:03 INFO  shutting down Metals
2023.08.27 12:12:03 INFO  Exiting server
